[0614/174154.414:ERROR:process_memory_win.cc(73)] ReadMemory at 0x7ff741cd0000 of 64 bytes failed: Only part of a ReadProcessMemory or WriteProcessMemory request was completed. (0x12B)
[0614/174155.469:WARNING:pe_image_reader.cc(340)] could not read dos header from C:\Program Files (x86)\Google\Chrome\Application\chrome.exe
[0614/174155.469:ERROR:process_memory_win.cc(73)] ReadMemory at 0x7ffbe2600000 of 64 bytes failed: Only part of a ReadProcessMemory or WriteProcessMemory request was completed. (0x12B)
[0614/174155.469:WARNING:pe_image_reader.cc(340)] could not read dos header from C:\WINDOWS\SYSTEM32\ntdll.dll
[0614/174155.469:ERROR:process_memory_win.cc(73)] ReadMemory at 0x7ffbe1750000 of 64 bytes failed: Only part of a ReadProcessMemory or WriteProcessMemory request was completed. (0x12B)
[0614/174155.537:WARNING:pe_image_reader.cc(340)] could not read dos header from C:\WINDOWS\System32\KERNEL32.DLL
[0614/174155.537:ERROR:process_memory_win.cc(73)] ReadMemory at 0x7ffbdff40000 of 64 bytes failed: Only part of a ReadProcessMemory or WriteProcessMemory request was completed. (0x12B)
[0614/174155.537:WARNING:pe_image_reader.cc(340)] could not read dos header from C:\WINDOWS\System32\KERNELBASE.dll
[0614/174155.537:ERROR:process_memory_win.cc(73)] ReadMemory at 0x7ffbb01f0000 of 64 bytes failed: Only part of a ReadProcessMemory or WriteProcessMemory request was completed. (0x12B)
[0614/174155.537:WARNING:pe_image_reader.cc(340)] could not read dos header from C:\Program Files (x86)\Google\Chrome\Application\83.0.4103.97\chrome_elf.dll
[0614/174155.537:ERROR:process_memory_win.cc(73)] ReadMemory at 0x7ffbd2800000 of 64 bytes failed: Only part of a ReadProcessMemory or WriteProcessMemory request was completed. (0x12B)
[0614/174155.537:WARNING:pe_image_reader.cc(340)] could not read dos header from C:\WINDOWS\SYSTEM32\VERSION.dll
[0614/174155.537:ERROR:process_memory_win.cc(73)] ReadMemory at 0x7ffbe0dc0000 of 64 bytes failed: Only part of a ReadProcessMemory or WriteProcessMemory request was completed. (0x12B)
[0614/174155.537:WARNING:pe_image_reader.cc(340)] could not read dos header from C:\WINDOWS\System32\msvcrt.dll
[0614/174155.537:ERROR:process_memory_win.cc(73)] ReadMemory at 0x7ffbdf740000 of 64 bytes failed: Only part of a ReadProcessMemory or WriteProcessMemory request was completed. (0x12B)
[0614/174155.537:WARNING:pe_image_reader.cc(340)] could not read dos header from C:\WINDOWS\System32\bcryptPrimitives.dll
[0614/174155.537:ERROR:process_memory_win.cc(73)] ReadMemory at 0x7ffbe0e60000 of 64 bytes failed: Only part of a ReadProcessMemory or WriteProcessMemory request was completed. (0x12B)
[0614/174155.537:WARNING:pe_image_reader.cc(340)] could not read dos header from C:\WINDOWS\System32\ADVAPI32.dll
[0614/174155.537:ERROR:process_memory_win.cc(73)] ReadMemory at 0x7ffbe0bf0000 of 64 bytes failed: Only part of a ReadProcessMemory or WriteProcessMemory request was completed. (0x12B)
[0614/174155.537:WARNING:pe_image_reader.cc(340)] could not read dos header from C:\WINDOWS\System32\sechost.dll
[0614/174155.537:ERROR:process_memory_win.cc(73)] ReadMemory at 0x7ffbe0ca0000 of 64 bytes failed: Only part of a ReadProcessMemory or WriteProcessMemory request was completed. (0x12B)
[0614/174155.537:WARNING:pe_image_reader.cc(340)] could not read dos header from C:\WINDOWS\System32\RPCRT4.dll
[0614/174155.537:ERROR:process_memory_win.cc(73)] ReadMemory at 0x7ffba48c0000 of 64 bytes failed: Only part of a ReadProcessMemory or WriteProcessMemory request was completed. (0x12B)
[0614/174155.537:WARNING:pe_image_reader.cc(340)] could not read dos header from C:\Program Files (x86)\Google\Chrome\Application\83.0.4103.97\chrome.dll
[0614/174155.537:ERROR:process_memory_win.cc(73)] ReadMemory at 0x7ffbe20b0000 of 64 bytes failed: Only part of a ReadProcessMemory or WriteProcessMemory request was completed. (0x12B)
[0614/174155.537:WARNING:pe_image_reader.cc(340)] could not read dos header from C:\WINDOWS\System32\WS2_32.dll
[0614/174155.537:ERROR:process_memory_win.cc(73)] ReadMemory at 0x7ffbe22e0000 of 64 bytes failed: Only part of a ReadProcessMemory or WriteProcessMemory request was completed. (0x12B)
[0614/174155.537:WARNING:pe_image_reader.cc(340)] could not read dos header from C:\WINDOWS\System32\OLEAUT32.dll
[0614/174155.537:ERROR:process_memory_win.cc(73)] ReadMemory at 0x7ffbe0440000 of 64 bytes failed: Only part of a ReadProcessMemory or WriteProcessMemory request was completed. (0x12B)
[0614/174155.537:WARNING:pe_image_reader.cc(340)] could not read dos header from C:\WINDOWS\System32\msvcp_win.dll
[0614/174155.537:ERROR:process_memory_win.cc(73)] ReadMemory at 0x7ffbe0340000 of 64 bytes failed: Only part of a ReadProcessMemory or WriteProcessMemory request was completed. (0x12B)
[0614/174155.537:WARNING:pe_image_reader.cc(340)] could not read dos header from C:\WINDOWS\System32\ucrtbase.dll
[0614/174155.537:ERROR:process_memory_win.cc(73)] ReadMemory at 0x7ffbe0750000 of 64 bytes failed: Only part of a ReadProcessMemory or WriteProcessMemory request was completed. (0x12B)
[0614/174155.537:WARNING:pe_image_reader.cc(340)] could not read dos header from C:\WINDOWS\System32\combase.dll
[0614/174155.537:ERROR:process_memory_win.cc(73)] ReadMemory at 0x7ffbdf590000 of 64 bytes failed: Only part of a ReadProcessMemory or WriteProcessMemory request was completed. (0x12B)
[0614/174155.537:WARNING:pe_image_reader.cc(340)] could not read dos header from C:\WINDOWS\System32\WINTRUST.dll
[0614/174155.537:ERROR:process_memory_win.cc(73)] ReadMemory at 0x7ffbdf550000 of 64 bytes failed: Only part of a ReadProcessMemory or WriteProcessMemory request was completed. (0x12B)
[0614/174155.537:WARNING:pe_image_reader.cc(340)] could not read dos header from C:\WINDOWS\System32\MSASN1.dll
[0614/174155.537:ERROR:process_memory_win.cc(73)] ReadMemory at 0x7ffbe01f0000 of 64 bytes failed: Only part of a ReadProcessMemory or WriteProcessMemory request was completed. (0x12B)
[0614/174155.537:WARNING:pe_image_reader.cc(340)] could not read dos header from C:\WINDOWS\System32\CRYPT32.dll
[0614/174155.537:ERROR:process_memory_win.cc(73)] ReadMemory at 0x7ffbde9e0000 of 64 bytes failed: Only part of a ReadProcessMemory or WriteProcessMemory request was completed. (0x12B)
[0614/174155.537:WARNING:pe_image_reader.cc(340)] could not read dos header from C:\WINDOWS\SYSTEM32\IPHLPAPI.DLL
[0614/174155.537:ERROR:process_memory_win.cc(73)] ReadMemory at 0x7ffbdcf80000 of 64 bytes failed: Only part of a ReadProcessMemory or WriteProcessMemory request was completed. (0x12B)
[0614/174155.537:WARNING:pe_image_reader.cc(340)] could not read dos header from C:\WINDOWS\SYSTEM32\WINMM.dll
[0614/174155.537:ERROR:process_memory_win.cc(73)] ReadMemory at 0x7ffbccae0000 of 64 bytes failed: Only part of a ReadProcessMemory or WriteProcessMemory request was completed. (0x12B)
[0614/174155.537:WARNING:pe_image_reader.cc(340)] could not read dos header from C:\WINDOWS\SYSTEM32\Secur32.dll
[0614/174155.537:ERROR:process_memory_win.cc(73)] ReadMemory at 0x7ffbdf3b0000 of 64 bytes failed: Only part of a ReadProcessMemory or WriteProcessMemory request was completed. (0x12B)
[0614/174155.537:WARNING:pe_image_reader.cc(340)] could not read dos header from C:\WINDOWS\SYSTEM32\USERENV.dll
[0614/174155.537:ERROR:process_memory_win.cc(73)] ReadMemory at 0x7ffbdf520000 of 64 bytes failed: Only part of a ReadProcessMemory or WriteProcessMemory request was completed. (0x12B)
[0614/174155.537:WARNING:pe_image_reader.cc(340)] could not read dos header from C:\WINDOWS\System32\profapi.dll
[0614/174155.537:ERROR:process_memory_win.cc(73)] ReadMemory at 0x7ffbb93c0000 of 64 bytes failed: Only part of a ReadProcessMemory or WriteProcessMemory request was completed. (0x12B)
[0614/174155.537:WARNING:pe_image_reader.cc(340)] could not read dos header from C:\WINDOWS\SYSTEM32\UIAutomationCore.DLL
[0614/174155.537:ERROR:process_memory_win.cc(73)] ReadMemory at 0x7ffbd2180000 of 64 bytes failed: Only part of a ReadProcessMemory or WriteProcessMemory request was completed. (0x12B)
[0614/174155.537:WARNING:pe_image_reader.cc(340)] could not read dos header from C:\WINDOWS\SYSTEM32\DWrite.dll
[0614/174155.537:ERROR:process_memory_win.cc(73)] ReadMemory at 0x7ffbcb7f0000 of 64 bytes failed: Only part of a ReadProcessMemory or WriteProcessMemory request was completed. (0x12B)
[0614/174155.537:WARNING:pe_image_reader.cc(340)] could not read dos header from C:\WINDOWS\SYSTEM32\WINSPOOL.DRV
[0614/174155.541:ERROR:process_memory_win.cc(73)] ReadMemory at 0x7ffbdf570000 of 64 bytes failed: Only part of a ReadProcessMemory or WriteProcessMemory request was completed. (0x12B)
[0614/174155.541:WARNING:pe_image_reader.cc(340)] could not read dos header from C:\WINDOWS\System32\kernel.appcore.dll
[0614/174155.541:ERROR:process_memory_win.cc(73)] ReadMemory at 0x7ffbe0680000 of 64 bytes failed: Only part of a ReadProcessMemory or WriteProcessMemory request was completed. (0x12B)
[0614/174155.541:WARNING:pe_image_reader.cc(340)] could not read dos header from C:\WINDOWS\System32\bcrypt.dll
[0614/174155.541:ERROR:process_memory_win.cc(73)] ReadMemory at 0x7ffbcc060000 of 64 bytes failed: Only part of a ReadProcessMemory or WriteProcessMemory request was completed. (0x12B)
[0614/174155.541:WARNING:pe_image_reader.cc(340)] could not read dos header from C:\WINDOWS\SYSTEM32\dbghelp.dll
[0614/174155.541:ERROR:process_memory_win.cc(73)] ReadMemory at 0x7ffbd5530000 of 64 bytes failed: Only part of a ReadProcessMemory or WriteProcessMemory request was completed. (0x12B)
[0614/174155.541:WARNING:pe_image_reader.cc(340)] could not read dos header from C:\WINDOWS\SYSTEM32\WINHTTP.dll
[0614/174155.541:ERROR:process_memory_win.cc(73)] ReadMemory at 0x7ffbd54a0000 of 64 bytes failed: Only part of a ReadProcessMemory or WriteProcessMemory request was completed. (0x12B)
[0614/174155.541:WARNING:pe_image_reader.cc(340)] could not read dos header from C:\WINDOWS\SYSTEM32\dhcpcsvc.DLL
[0614/174155.541:ERROR:process_memory_win.cc(73)] ReadMemory at 0x7ffbe0c90000 of 64 bytes failed: Only part of a ReadProcessMemory or WriteProcessMemory request was completed. (0x12B)
[0614/174155.541:WARNING:pe_image_reader.cc(340)] could not read dos header from C:\WINDOWS\System32\NSI.dll
[0614/174155.541:ERROR:process_memory_win.cc(73)] ReadMemory at 0x7ffbdcf50000 of 64 bytes failed: Only part of a ReadProcessMemory or WriteProcessMemory request was completed. (0x12B)
[0614/174155.541:WARNING:pe_image_reader.cc(340)] could not read dos header from C:\WINDOWS\SYSTEM32\WINMMBASE.dll
[0614/174155.541:ERROR:process_memory_win.cc(73)] ReadMemory at 0x7ffbdf6f0000 of 64 bytes failed: Only part of a ReadProcessMemory or WriteProcessMemory request was completed. (0x12B)
[0614/174155.541:WARNING:pe_image_reader.cc(340)] could not read dos header from C:\WINDOWS\System32\cfgmgr32.dll
[0614/174155.541:ERROR:process_memory_win.cc(73)] ReadMemory at 0x7ffbdc3e0000 of 64 bytes failed: Only part of a ReadProcessMemory or WriteProcessMemory request was completed. (0x12B)
[0614/174155.541:WARNING:pe_image_reader.cc(340)] could not read dos header from C:\WINDOWS\SYSTEM32\PROPSYS.dll
[0614/174155.541:ERROR:process_memory_win.cc(73)] ReadMemory at 0x7ffbe2510000 of 64 bytes failed: Only part of a ReadProcessMemory or WriteProcessMemory request was completed. (0x12B)
[0614/174155.541:WARNING:pe_image_reader.cc(340)] could not read dos header from C:\WINDOWS\System32\shcore.dll
[0614/174155.541:ERROR:process_memory_win.cc(73)] ReadMemory at 0x7ffbdf3e0000 of 64 bytes failed: Only part of a ReadProcessMemory or WriteProcessMemory request was completed. (0x12B)
[0614/174155.541:WARNING:pe_image_reader.cc(340)] could not read dos header from C:\WINDOWS\SYSTEM32\SSPICLI.DLL
[0614/174155.541:ERROR:process_memory_win.cc(73)] ReadMemory at 0x7ffbdeea0000 of 64 bytes failed: Only part of a ReadProcessMemory or WriteProcessMemory request was completed. (0x12B)
[0614/174155.541:WARNING:pe_image_reader.cc(340)] could not read dos header from C:\WINDOWS\SYSTEM32\CRYPTBASE.DLL
[0614/174155.885:ERROR:process_memory_win.cc(73)] ReadMemory at 0x7ff741cd0000 of 64 bytes failed: Only part of a ReadProcessMemory or WriteProcessMemory request was completed. (0x12B)
[0614/174155.885:WARNING:pe_image_reader.cc(340)] could not read dos header from C:\Program Files (x86)\Google\Chrome\Application\chrome.exe
[0614/174155.885:ERROR:process_memory_win.cc(73)] ReadMemory at 0x7ffbe2600000 of 64 bytes failed: Only part of a ReadProcessMemory or WriteProcessMemory request was completed. (0x12B)
[0614/174155.885:WARNING:pe_image_reader.cc(340)] could not read dos header from C:\WINDOWS\SYSTEM32\ntdll.dll
[0614/174155.885:ERROR:process_memory_win.cc(73)] ReadMemory at 0x7ffbe1750000 of 64 bytes failed: Only part of a ReadProcessMemory or WriteProcessMemory request was completed. (0x12B)
[0614/174155.885:WARNING:pe_image_reader.cc(340)] could not read dos header from C:\WINDOWS\System32\KERNEL32.DLL
[0614/174155.885:ERROR:process_memory_win.cc(73)] ReadMemory at 0x7ffbdff40000 of 64 bytes failed: Only part of a ReadProcessMemory or WriteProcessMemory request was completed. (0x12B)
[0614/174155.885:WARNING:pe_image_reader.cc(340)] could not read dos header from C:\WINDOWS\System32\KERNELBASE.dll
[0614/174155.885:ERROR:process_memory_win.cc(73)] ReadMemory at 0x7ffbb01f0000 of 64 bytes failed: Only part of a ReadProcessMemory or WriteProcessMemory request was completed. (0x12B)
[0614/174155.885:WARNING:pe_image_reader.cc(340)] could not read dos header from C:\Program Files (x86)\Google\Chrome\Application\83.0.4103.97\chrome_elf.dll
[0614/174155.885:ERROR:process_memory_win.cc(73)] ReadMemory at 0x7ffbd2800000 of 64 bytes failed: Only part of a ReadProcessMemory or WriteProcessMemory request was completed. (0x12B)
[0614/174155.885:WARNING:pe_image_reader.cc(340)] could not read dos header from C:\WINDOWS\SYSTEM32\VERSION.dll
[0614/174155.885:ERROR:process_memory_win.cc(73)] ReadMemory at 0x7ffbe0dc0000 of 64 bytes failed: Only part of a ReadProcessMemory or WriteProcessMemory request was completed. (0x12B)
[0614/174155.885:WARNING:pe_image_reader.cc(340)] could not read dos header from C:\WINDOWS\System32\msvcrt.dll
[0614/174155.885:ERROR:process_memory_win.cc(73)] ReadMemory at 0x7ffbdf740000 of 64 bytes failed: Only part of a ReadProcessMemory or WriteProcessMemory request was completed. (0x12B)
[0614/174155.885:WARNING:pe_image_reader.cc(340)] could not read dos header from C:\WINDOWS\System32\bcryptPrimitives.dll
[0614/174155.885:ERROR:process_memory_win.cc(73)] ReadMemory at 0x7ffbe0e60000 of 64 bytes failed: Only part of a ReadProcessMemory or WriteProcessMemory request was completed. (0x12B)
[0614/174155.885:WARNING:pe_image_reader.cc(340)] could not read dos header from C:\WINDOWS\System32\ADVAPI32.dll
[0614/174155.885:ERROR:process_memory_win.cc(73)] ReadMemory at 0x7ffbe0bf0000 of 64 bytes failed: Only part of a ReadProcessMemory or WriteProcessMemory request was completed. (0x12B)
[0614/174155.885:WARNING:pe_image_reader.cc(340)] could not read dos header from C:\WINDOWS\System32\sechost.dll
[0614/174155.885:ERROR:process_memory_win.cc(73)] ReadMemory at 0x7ffbe0ca0000 of 64 bytes failed: Only part of a ReadProcessMemory or WriteProcessMemory request was completed. (0x12B)
[0614/174155.885:WARNING:pe_image_reader.cc(340)] could not read dos header from C:\WINDOWS\System32\RPCRT4.dll
[0614/174155.885:ERROR:process_memory_win.cc(73)] ReadMemory at 0x7ffba48c0000 of 64 bytes failed: Only part of a ReadProcessMemory or WriteProcessMemory request was completed. (0x12B)
[0614/174155.885:WARNING:pe_image_reader.cc(340)] could not read dos header from C:\Program Files (x86)\Google\Chrome\Application\83.0.4103.97\chrome.dll
[0614/174155.885:ERROR:process_memory_win.cc(73)] ReadMemory at 0x7ffbe20b0000 of 64 bytes failed: Only part of a ReadProcessMemory or WriteProcessMemory request was completed. (0x12B)
[0614/174155.885:WARNING:pe_image_reader.cc(340)] could not read dos header from C:\WINDOWS\System32\WS2_32.dll
[0614/174155.885:ERROR:process_memory_win.cc(73)] ReadMemory at 0x7ffbe22e0000 of 64 bytes failed: Only part of a ReadProcessMemory or WriteProcessMemory request was completed. (0x12B)
[0614/174155.885:WARNING:pe_image_reader.cc(340)] could not read dos header from C:\WINDOWS\System32\OLEAUT32.dll
[0614/174155.885:ERROR:process_memory_win.cc(73)] ReadMemory at 0x7ffbe0440000 of 64 bytes failed: Only part of a ReadProcessMemory or WriteProcessMemory request was completed. (0x12B)
[0614/174155.885:WARNING:pe_image_reader.cc(340)] could not read dos header from C:\WINDOWS\System32\msvcp_win.dll
[0614/174155.885:ERROR:process_memory_win.cc(73)] ReadMemory at 0x7ffbe0340000 of 64 bytes failed: Only part of a ReadProcessMemory or WriteProcessMemory request was completed. (0x12B)
[0614/174155.885:WARNING:pe_image_reader.cc(340)] could not read dos header from C:\WINDOWS\System32\ucrtbase.dll
[0614/174155.885:ERROR:process_memory_win.cc(73)] ReadMemory at 0x7ffbe0750000 of 64 bytes failed: Only part of a ReadProcessMemory or WriteProcessMemory request was completed. (0x12B)
[0614/174155.885:WARNING:pe_image_reader.cc(340)] could not read dos header from C:\WINDOWS\System32\combase.dll
[0614/174155.885:ERROR:process_memory_win.cc(73)] ReadMemory at 0x7ffbdf590000 of 64 bytes failed: Only part of a ReadProcessMemory or WriteProcessMemory request was completed. (0x12B)
[0614/174155.885:WARNING:pe_image_reader.cc(340)] could not read dos header from C:\WINDOWS\System32\WINTRUST.dll
[0614/174155.885:ERROR:process_memory_win.cc(73)] ReadMemory at 0x7ffbdf550000 of 64 bytes failed: Only part of a ReadProcessMemory or WriteProcessMemory request was completed. (0x12B)
[0614/174155.885:WARNING:pe_image_reader.cc(340)] could not read dos header from C:\WINDOWS\System32\MSASN1.dll
[0614/174155.885:ERROR:process_memory_win.cc(73)] ReadMemory at 0x7ffbe01f0000 of 64 bytes failed: Only part of a ReadProcessMemory or WriteProcessMemory request was completed. (0x12B)
[0614/174155.885:WARNING:pe_image_reader.cc(340)] could not read dos header from C:\WINDOWS\System32\CRYPT32.dll
[0614/174155.885:ERROR:process_memory_win.cc(73)] ReadMemory at 0x7ffbde9e0000 of 64 bytes failed: Only part of a ReadProcessMemory or WriteProcessMemory request was completed. (0x12B)
[0614/174155.885:WARNING:pe_image_reader.cc(340)] could not read dos header from C:\WINDOWS\SYSTEM32\IPHLPAPI.DLL
[0614/174155.889:ERROR:process_memory_win.cc(73)] ReadMemory at 0x7ffbdcf80000 of 64 bytes failed: Only part of a ReadProcessMemory or WriteProcessMemory request was completed. (0x12B)
[0614/174155.889:WARNING:pe_image_reader.cc(340)] could not read dos header from C:\WINDOWS\SYSTEM32\WINMM.dll
[0614/174155.889:ERROR:process_memory_win.cc(73)] ReadMemory at 0x7ffbccae0000 of 64 bytes failed: Only part of a ReadProcessMemory or WriteProcessMemory request was completed. (0x12B)
[0614/174155.889:WARNING:pe_image_reader.cc(340)] could not read dos header from C:\WINDOWS\SYSTEM32\Secur32.dll
[0614/174155.889:ERROR:process_memory_win.cc(73)] ReadMemory at 0x7ffbdf3b0000 of 64 bytes failed: Only part of a ReadProcessMemory or WriteProcessMemory request was completed. (0x12B)
[0614/174155.889:WARNING:pe_image_reader.cc(340)] could not read dos header from C:\WINDOWS\SYSTEM32\USERENV.dll
[0614/174155.889:ERROR:process_memory_win.cc(73)] ReadMemory at 0x7ffbdf520000 of 64 bytes failed: Only part of a ReadProcessMemory or WriteProcessMemory request was completed. (0x12B)
[0614/174155.889:WARNING:pe_image_reader.cc(340)] could not read dos header from C:\WINDOWS\System32\profapi.dll
[0614/174155.889:ERROR:process_memory_win.cc(73)] ReadMemory at 0x7ffbb93c0000 of 64 bytes failed: Only part of a ReadProcessMemory or WriteProcessMemory request was completed. (0x12B)
[0614/174155.889:WARNING:pe_image_reader.cc(340)] could not read dos header from C:\WINDOWS\SYSTEM32\UIAutomationCore.DLL
[0614/174155.889:ERROR:process_memory_win.cc(73)] ReadMemory at 0x7ffbd2180000 of 64 bytes failed: Only part of a ReadProcessMemory or WriteProcessMemory request was completed. (0x12B)
[0614/174155.889:WARNING:pe_image_reader.cc(340)] could not read dos header from C:\WINDOWS\SYSTEM32\DWrite.dll
[0614/174155.889:ERROR:process_memory_win.cc(73)] ReadMemory at 0x7ffbcb7f0000 of 64 bytes failed: Only part of a ReadProcessMemory or WriteProcessMemory request was completed. (0x12B)
[0614/174155.889:WARNING:pe_image_reader.cc(340)] could not read dos header from C:\WINDOWS\SYSTEM32\WINSPOOL.DRV
[0614/174155.889:ERROR:process_memory_win.cc(73)] ReadMemory at 0x7ffbdf570000 of 64 bytes failed: Only part of a ReadProcessMemory or WriteProcessMemory request was completed. (0x12B)
[0614/174155.889:WARNING:pe_image_reader.cc(340)] could not read dos header from C:\WINDOWS\System32\kernel.appcore.dll
[0614/174155.889:ERROR:process_memory_win.cc(73)] ReadMemory at 0x7ffbe0680000 of 64 bytes failed: Only part of a ReadProcessMemory or WriteProcessMemory request was completed. (0x12B)
[0614/174155.889:WARNING:pe_image_reader.cc(340)] could not read dos header from C:\WINDOWS\System32\bcrypt.dll
[0614/174155.889:ERROR:process_memory_win.cc(73)] ReadMemory at 0x7ffbcc060000 of 64 bytes failed: Only part of a ReadProcessMemory or WriteProcessMemory request was completed. (0x12B)
[0614/174155.889:WARNING:pe_image_reader.cc(340)] could not read dos header from C:\WINDOWS\SYSTEM32\dbghelp.dll
[0614/174155.889:ERROR:process_memory_win.cc(73)] ReadMemory at 0x7ffbd5530000 of 64 bytes failed: Only part of a ReadProcessMemory or WriteProcessMemory request was completed. (0x12B)
[0614/174155.889:WARNING:pe_image_reader.cc(340)] could not read dos header from C:\WINDOWS\SYSTEM32\WINHTTP.dll
[0614/174155.889:ERROR:process_memory_win.cc(73)] ReadMemory at 0x7ffbd54a0000 of 64 bytes failed: Only part of a ReadProcessMemory or WriteProcessMemory request was completed. (0x12B)
[0614/174155.889:WARNING:pe_image_reader.cc(340)] could not read dos header from C:\WINDOWS\SYSTEM32\dhcpcsvc.DLL
[0614/174155.889:ERROR:process_memory_win.cc(73)] ReadMemory at 0x7ffbe0c90000 of 64 bytes failed: Only part of a ReadProcessMemory or WriteProcessMemory request was completed. (0x12B)
[0614/174155.889:WARNING:pe_image_reader.cc(340)] could not read dos header from C:\WINDOWS\System32\NSI.dll
[0614/174155.889:ERROR:process_memory_win.cc(73)] ReadMemory at 0x7ffbdcf50000 of 64 bytes failed: Only part of a ReadProcessMemory or WriteProcessMemory request was completed. (0x12B)
[0614/174155.889:WARNING:pe_image_reader.cc(340)] could not read dos header from C:\WINDOWS\SYSTEM32\WINMMBASE.dll
[0614/174155.889:ERROR:process_memory_win.cc(73)] ReadMemory at 0x7ffbdf6f0000 of 64 bytes failed: Only part of a ReadProcessMemory or WriteProcessMemory request was completed. (0x12B)
[0614/174155.889:WARNING:pe_image_reader.cc(340)] could not read dos header from C:\WINDOWS\System32\cfgmgr32.dll
[0614/174155.889:ERROR:process_memory_win.cc(73)] ReadMemory at 0x7ffbdc3e0000 of 64 bytes failed: Only part of a ReadProcessMemory or WriteProcessMemory request was completed. (0x12B)
[0614/174155.889:WARNING:pe_image_reader.cc(340)] could not read dos header from C:\WINDOWS\SYSTEM32\PROPSYS.dll
[0614/174155.889:ERROR:process_memory_win.cc(73)] ReadMemory at 0x7ffbe2510000 of 64 bytes failed: Only part of a ReadProcessMemory or WriteProcessMemory request was completed. (0x12B)
[0614/174155.889:WARNING:pe_image_reader.cc(340)] could not read dos header from C:\WINDOWS\System32\shcore.dll
[0614/174155.889:ERROR:process_memory_win.cc(73)] ReadMemory at 0x7ffbdf3e0000 of 64 bytes failed: Only part of a ReadProcessMemory or WriteProcessMemory request was completed. (0x12B)
[0614/174155.889:WARNING:pe_image_reader.cc(340)] could not read dos header from C:\WINDOWS\SYSTEM32\SSPICLI.DLL
[0614/174155.889:ERROR:process_memory_win.cc(73)] ReadMemory at 0x7ffbdeea0000 of 64 bytes failed: Only part of a ReadProcessMemory or WriteProcessMemory request was completed. (0x12B)
[0614/174155.889:WARNING:pe_image_reader.cc(340)] could not read dos header from C:\WINDOWS\SYSTEM32\CRYPTBASE.DLL
[0614/174155.889:ERROR:process_memory_win.cc(73)] ReadMemory at 0x7ff741cd0000 of 64 bytes failed: Only part of a ReadProcessMemory or WriteProcessMemory request was completed. (0x12B)
[0614/174155.889:WARNING:pe_image_reader.cc(340)] could not read dos header from C:\Program Files (x86)\Google\Chrome\Application\chrome.exe
[0614/174155.889:ERROR:process_memory_win.cc(73)] ReadMemory at 0x7ffbe2600000 of 64 bytes failed: Only part of a ReadProcessMemory or WriteProcessMemory request was completed. (0x12B)
[0614/174155.889:WARNING:pe_image_reader.cc(340)] could not read dos header from C:\WINDOWS\SYSTEM32\ntdll.dll
[0614/174155.889:ERROR:process_memory_win.cc(73)] ReadMemory at 0x7ffbe1750000 of 64 bytes failed: Only part of a ReadProcessMemory or WriteProcessMemory request was completed. (0x12B)
[0614/174155.889:WARNING:pe_image_reader.cc(340)] could not read dos header from C:\WINDOWS\System32\KERNEL32.DLL
[0614/174155.889:ERROR:process_memory_win.cc(73)] ReadMemory at 0x7ffbdff40000 of 64 bytes failed: Only part of a ReadProcessMemory or WriteProcessMemory request was completed. (0x12B)
[0614/174155.889:WARNING:pe_image_reader.cc(340)] could not read dos header from C:\WINDOWS\System32\KERNELBASE.dll
[0614/174155.889:ERROR:process_memory_win.cc(73)] ReadMemory at 0x7ffbb01f0000 of 64 bytes failed: Only part of a ReadProcessMemory or WriteProcessMemory request was completed. (0x12B)
[0614/174155.889:WARNING:pe_image_reader.cc(340)] could not read dos header from C:\Program Files (x86)\Google\Chrome\Application\83.0.4103.97\chrome_elf.dll
[0614/174155.889:ERROR:process_memory_win.cc(73)] ReadMemory at 0x7ffbd2800000 of 64 bytes failed: Only part of a ReadProcessMemory or WriteProcessMemory request was completed. (0x12B)
[0614/174155.889:WARNING:pe_image_reader.cc(340)] could not read dos header from C:\WINDOWS\SYSTEM32\VERSION.dll
[0614/174155.889:ERROR:process_memory_win.cc(73)] ReadMemory at 0x7ffbe0dc0000 of 64 bytes failed: Only part of a ReadProcessMemory or WriteProcessMemory request was completed. (0x12B)
[0614/174155.889:WARNING:pe_image_reader.cc(340)] could not read dos header from C:\WINDOWS\System32\msvcrt.dll
[0614/174155.889:ERROR:process_memory_win.cc(73)] ReadMemory at 0x7ffbdf740000 of 64 bytes failed: Only part of a ReadProcessMemory or WriteProcessMemory request was completed. (0x12B)
[0614/174155.889:WARNING:pe_image_reader.cc(340)] could not read dos header from C:\WINDOWS\System32\bcryptPrimitives.dll
[0614/174155.889:ERROR:process_memory_win.cc(73)] ReadMemory at 0x7ffbe0e60000 of 64 bytes failed: Only part of a ReadProcessMemory or WriteProcessMemory request was completed. (0x12B)
[0614/174155.889:WARNING:pe_image_reader.cc(340)] could not read dos header from C:\WINDOWS\System32\ADVAPI32.dll
[0614/174155.889:ERROR:process_memory_win.cc(73)] ReadMemory at 0x7ffbe0bf0000 of 64 bytes failed: Only part of a ReadProcessMemory or WriteProcessMemory request was completed. (0x12B)
[0614/174155.893:WARNING:pe_image_reader.cc(340)] could not read dos header from C:\WINDOWS\System32\sechost.dll
[0614/174155.893:ERROR:process_memory_win.cc(73)] ReadMemory at 0x7ffbe0ca0000 of 64 bytes failed: Only part of a ReadProcessMemory or WriteProcessMemory request was completed. (0x12B)
[0614/174155.893:WARNING:pe_image_reader.cc(340)] could not read dos header from C:\WINDOWS\System32\RPCRT4.dll
[0614/174155.893:ERROR:process_memory_win.cc(73)] ReadMemory at 0x7ffba48c0000 of 64 bytes failed: Only part of a ReadProcessMemory or WriteProcessMemory request was completed. (0x12B)
[0614/174155.893:WARNING:pe_image_reader.cc(340)] could not read dos header from C:\Program Files (x86)\Google\Chrome\Application\83.0.4103.97\chrome.dll
[0614/174155.893:ERROR:process_memory_win.cc(73)] ReadMemory at 0x7ffbe20b0000 of 64 bytes failed: Only part of a ReadProcessMemory or WriteProcessMemory request was completed. (0x12B)
[0614/174155.893:WARNING:pe_image_reader.cc(340)] could not read dos header from C:\WINDOWS\System32\WS2_32.dll
[0614/174155.893:ERROR:process_memory_win.cc(73)] ReadMemory at 0x7ffbe22e0000 of 64 bytes failed: Only part of a ReadProcessMemory or WriteProcessMemory request was completed. (0x12B)
[0614/174155.893:WARNING:pe_image_reader.cc(340)] could not read dos header from C:\WINDOWS\System32\OLEAUT32.dll
[0614/174155.893:ERROR:process_memory_win.cc(73)] ReadMemory at 0x7ffbe0440000 of 64 bytes failed: Only part of a ReadProcessMemory or WriteProcessMemory request was completed. (0x12B)
[0614/174155.893:WARNING:pe_image_reader.cc(340)] could not read dos header from C:\WINDOWS\System32\msvcp_win.dll
[0614/174155.893:ERROR:process_memory_win.cc(73)] ReadMemory at 0x7ffbe0340000 of 64 bytes failed: Only part of a ReadProcessMemory or WriteProcessMemory request was completed. (0x12B)
[0614/174155.893:WARNING:pe_image_reader.cc(340)] could not read dos header from C:\WINDOWS\System32\ucrtbase.dll
[0614/174155.893:ERROR:process_memory_win.cc(73)] ReadMemory at 0x7ffbe0750000 of 64 bytes failed: Only part of a ReadProcessMemory or WriteProcessMemory request was completed. (0x12B)
[0614/174155.893:WARNING:pe_image_reader.cc(340)] could not read dos header from C:\WINDOWS\System32\combase.dll
[0614/174155.893:ERROR:process_memory_win.cc(73)] ReadMemory at 0x7ffbdf590000 of 64 bytes failed: Only part of a ReadProcessMemory or WriteProcessMemory request was completed. (0x12B)
[0614/174155.893:WARNING:pe_image_reader.cc(340)] could not read dos header from C:\WINDOWS\System32\WINTRUST.dll
[0614/174155.893:ERROR:process_memory_win.cc(73)] ReadMemory at 0x7ffbdf550000 of 64 bytes failed: Only part of a ReadProcessMemory or WriteProcessMemory request was completed. (0x12B)
[0614/174155.893:WARNING:pe_image_reader.cc(340)] could not read dos header from C:\WINDOWS\System32\MSASN1.dll
[0614/174155.893:ERROR:process_memory_win.cc(73)] ReadMemory at 0x7ffbe01f0000 of 64 bytes failed: Only part of a ReadProcessMemory or WriteProcessMemory request was completed. (0x12B)
[0614/174155.893:WARNING:pe_image_reader.cc(340)] could not read dos header from C:\WINDOWS\System32\CRYPT32.dll
[0614/174155.893:ERROR:process_memory_win.cc(73)] ReadMemory at 0x7ffbde9e0000 of 64 bytes failed: Only part of a ReadProcessMemory or WriteProcessMemory request was completed. (0x12B)
[0614/174155.893:WARNING:pe_image_reader.cc(340)] could not read dos header from C:\WINDOWS\SYSTEM32\IPHLPAPI.DLL
[0614/174155.893:ERROR:process_memory_win.cc(73)] ReadMemory at 0x7ffbdcf80000 of 64 bytes failed: Only part of a ReadProcessMemory or WriteProcessMemory request was completed. (0x12B)
[0614/174155.893:WARNING:pe_image_reader.cc(340)] could not read dos header from C:\WINDOWS\SYSTEM32\WINMM.dll
[0614/174155.893:ERROR:process_memory_win.cc(73)] ReadMemory at 0x7ffbccae0000 of 64 bytes failed: Only part of a ReadProcessMemory or WriteProcessMemory request was completed. (0x12B)
[0614/174155.893:WARNING:pe_image_reader.cc(340)] could not read dos header from C:\WINDOWS\SYSTEM32\Secur32.dll
[0614/174155.893:ERROR:process_memory_win.cc(73)] ReadMemory at 0x7ffbdf3b0000 of 64 bytes failed: Only part of a ReadProcessMemory or WriteProcessMemory request was completed. (0x12B)
[0614/174155.893:WARNING:pe_image_reader.cc(340)] could not read dos header from C:\WINDOWS\SYSTEM32\USERENV.dll
[0614/174155.893:ERROR:process_memory_win.cc(73)] ReadMemory at 0x7ffbdf520000 of 64 bytes failed: Only part of a ReadProcessMemory or WriteProcessMemory request was completed. (0x12B)
[0614/174155.893:WARNING:pe_image_reader.cc(340)] could not read dos header from C:\WINDOWS\System32\profapi.dll
[0614/174155.893:ERROR:process_memory_win.cc(73)] ReadMemory at 0x7ffbb93c0000 of 64 bytes failed: Only part of a ReadProcessMemory or WriteProcessMemory request was completed. (0x12B)
[0614/174155.893:WARNING:pe_image_reader.cc(340)] could not read dos header from C:\WINDOWS\SYSTEM32\UIAutomationCore.DLL
[0614/174155.893:ERROR:process_memory_win.cc(73)] ReadMemory at 0x7ffbd2180000 of 64 bytes failed: Only part of a ReadProcessMemory or WriteProcessMemory request was completed. (0x12B)
[0614/174155.893:WARNING:pe_image_reader.cc(340)] could not read dos header from C:\WINDOWS\SYSTEM32\DWrite.dll
[0614/174155.893:ERROR:process_memory_win.cc(73)] ReadMemory at 0x7ffbcb7f0000 of 64 bytes failed: Only part of a ReadProcessMemory or WriteProcessMemory request was completed. (0x12B)
[0614/174155.893:WARNING:pe_image_reader.cc(340)] could not read dos header from C:\WINDOWS\SYSTEM32\WINSPOOL.DRV
[0614/174155.893:ERROR:process_memory_win.cc(73)] ReadMemory at 0x7ffbdf570000 of 64 bytes failed: Only part of a ReadProcessMemory or WriteProcessMemory request was completed. (0x12B)
[0614/174155.893:WARNING:pe_image_reader.cc(340)] could not read dos header from C:\WINDOWS\System32\kernel.appcore.dll
[0614/174155.893:ERROR:process_memory_win.cc(73)] ReadMemory at 0x7ffbe0680000 of 64 bytes failed: Only part of a ReadProcessMemory or WriteProcessMemory request was completed. (0x12B)
[0614/174155.893:WARNING:pe_image_reader.cc(340)] could not read dos header from C:\WINDOWS\System32\bcrypt.dll
[0614/174155.893:ERROR:process_memory_win.cc(73)] ReadMemory at 0x7ffbcc060000 of 64 bytes failed: Only part of a ReadProcessMemory or WriteProcessMemory request was completed. (0x12B)
[0614/174155.893:WARNING:pe_image_reader.cc(340)] could not read dos header from C:\WINDOWS\SYSTEM32\dbghelp.dll
[0614/174155.893:ERROR:process_memory_win.cc(73)] ReadMemory at 0x7ffbd5530000 of 64 bytes failed: Only part of a ReadProcessMemory or WriteProcessMemory request was completed. (0x12B)
[0614/174155.893:WARNING:pe_image_reader.cc(340)] could not read dos header from C:\WINDOWS\SYSTEM32\WINHTTP.dll
[0614/174155.893:ERROR:process_memory_win.cc(73)] ReadMemory at 0x7ffbd54a0000 of 64 bytes failed: Only part of a ReadProcessMemory or WriteProcessMemory request was completed. (0x12B)
[0614/174155.893:WARNING:pe_image_reader.cc(340)] could not read dos header from C:\WINDOWS\SYSTEM32\dhcpcsvc.DLL
[0614/174155.893:ERROR:process_memory_win.cc(73)] ReadMemory at 0x7ffbe0c90000 of 64 bytes failed: Only part of a ReadProcessMemory or WriteProcessMemory request was completed. (0x12B)
[0614/174155.893:WARNING:pe_image_reader.cc(340)] could not read dos header from C:\WINDOWS\System32\NSI.dll
[0614/174155.893:ERROR:process_memory_win.cc(73)] ReadMemory at 0x7ffbdcf50000 of 64 bytes failed: Only part of a ReadProcessMemory or WriteProcessMemory request was completed. (0x12B)
[0614/174155.893:WARNING:pe_image_reader.cc(340)] could not read dos header from C:\WINDOWS\SYSTEM32\WINMMBASE.dll
[0614/174155.893:ERROR:process_memory_win.cc(73)] ReadMemory at 0x7ffbdf6f0000 of 64 bytes failed: Only part of a ReadProcessMemory or WriteProcessMemory request was completed. (0x12B)
[0614/174155.893:WARNING:pe_image_reader.cc(340)] could not read dos header from C:\WINDOWS\System32\cfgmgr32.dll
[0614/174155.893:ERROR:process_memory_win.cc(73)] ReadMemory at 0x7ffbdc3e0000 of 64 bytes failed: Only part of a ReadProcessMemory or WriteProcessMemory request was completed. (0x12B)
[0614/174155.893:WARNING:pe_image_reader.cc(340)] could not read dos header from C:\WINDOWS\SYSTEM32\PROPSYS.dll
[0614/174155.893:ERROR:process_memory_win.cc(73)] ReadMemory at 0x7ffbe2510000 of 64 bytes failed: Only part of a ReadProcessMemory or WriteProcessMemory request was completed. (0x12B)
[0614/174155.897:WARNING:pe_image_reader.cc(340)] could not read dos header from C:\WINDOWS\System32\shcore.dll
[0614/174155.897:ERROR:process_memory_win.cc(73)] ReadMemory at 0x7ffbdf3e0000 of 64 bytes failed: Only part of a ReadProcessMemory or WriteProcessMemory request was completed. (0x12B)
[0614/174155.897:WARNING:pe_image_reader.cc(340)] could not read dos header from C:\WINDOWS\SYSTEM32\SSPICLI.DLL
[0614/174155.897:ERROR:process_memory_win.cc(73)] ReadMemory at 0x7ffbdeea0000 of 64 bytes failed: Only part of a ReadProcessMemory or WriteProcessMemory request was completed. (0x12B)
[0614/174155.897:WARNING:pe_image_reader.cc(340)] could not read dos header from C:\WINDOWS\SYSTEM32\CRYPTBASE.DLL
[0614/174157.745:ERROR:process_memory_win.cc(73)] ReadMemory at 0x2e9a7f4000 of 49152 bytes failed: Only part of a ReadProcessMemory or WriteProcessMemory request was completed. (0x12B)
[0614/174157.745:ERROR:process_memory_win.cc(73)] ReadMemory at 0x2e9affd000 of 12288 bytes failed: Only part of a ReadProcessMemory or WriteProcessMemory request was completed. (0x12B)
[0614/174157.745:ERROR:process_memory_win.cc(73)] ReadMemory at 0x2e9bffd000 of 12288 bytes failed: Only part of a ReadProcessMemory or WriteProcessMemory request was completed. (0x12B)
[0614/174157.745:ERROR:process_memory_win.cc(73)] ReadMemory at 0x2e9c7fc000 of 16384 bytes failed: Only part of a ReadProcessMemory or WriteProcessMemory request was completed. (0x12B)
[0614/174158.224:ERROR:process_memory_win.cc(73)] ReadMemory at 0x2e9cfff000 of 4096 bytes failed: Only part of a ReadProcessMemory or WriteProcessMemory request was completed. (0x12B)
[0614/174158.224:ERROR:process_memory_win.cc(73)] ReadMemory at 0x2e9d7fd000 of 12288 bytes failed: Only part of a ReadProcessMemory or WriteProcessMemory request was completed. (0x12B)
[0614/174158.225:ERROR:process_memory_win.cc(73)] ReadMemory at 0x2e9dffb000 of 20480 bytes failed: Only part of a ReadProcessMemory or WriteProcessMemory request was completed. (0x12B)
[0614/174158.225:ERROR:process_memory_win.cc(73)] ReadMemory at 0x2e9e7fd000 of 12288 bytes failed: Only part of a ReadProcessMemory or WriteProcessMemory request was completed. (0x12B)
[0614/174158.225:ERROR:process_memory_win.cc(73)] ReadMemory at 0x2e9effd000 of 12288 bytes failed: Only part of a ReadProcessMemory or WriteProcessMemory request was completed. (0x12B)
[0614/174158.225:ERROR:process_memory_win.cc(73)] ReadMemory at 0x2e9f7fd000 of 12288 bytes failed: Only part of a ReadProcessMemory or WriteProcessMemory request was completed. (0x12B)
[0614/174158.225:ERROR:process_memory_win.cc(73)] ReadMemory at 0x2e9fffd000 of 12288 bytes failed: Only part of a ReadProcessMemory or WriteProcessMemory request was completed. (0x12B)
[0614/174158.225:ERROR:process_memory_win.cc(73)] ReadMemory at 0x2e9b7fe000 of 8192 bytes failed: Only part of a ReadProcessMemory or WriteProcessMemory request was completed. (0x12B)
[0614/174158.226:ERROR:process_memory_win.cc(73)] ReadMemory at 0x2e99f0f000 of 852 bytes failed: Only part of a ReadProcessMemory or WriteProcessMemory request was completed. (0x12B)
[0614/174158.226:ERROR:process_memory_win.cc(73)] ReadMemory at 0x2e99f10000 of 6024 bytes failed: Only part of a ReadProcessMemory or WriteProcessMemory request was completed. (0x12B)
[0614/174158.226:ERROR:process_memory_win.cc(73)] ReadMemory at 0x2e99f12000 of 6024 bytes failed: Only part of a ReadProcessMemory or WriteProcessMemory request was completed. (0x12B)
[0614/174158.226:ERROR:process_memory_win.cc(73)] ReadMemory at 0x2e99f16000 of 6024 bytes failed: Only part of a ReadProcessMemory or WriteProcessMemory request was completed. (0x12B)
[0614/174158.226:ERROR:process_memory_win.cc(73)] ReadMemory at 0x2e99f18000 of 6024 bytes failed: Only part of a ReadProcessMemory or WriteProcessMemory request was completed. (0x12B)
[0614/174158.226:ERROR:process_memory_win.cc(73)] ReadMemory at 0x2e99f1a000 of 6024 bytes failed: Only part of a ReadProcessMemory or WriteProcessMemory request was completed. (0x12B)
[0614/174158.227:ERROR:process_memory_win.cc(73)] ReadMemory at 0x2e99f1c000 of 6024 bytes failed: Only part of a ReadProcessMemory or WriteProcessMemory request was completed. (0x12B)
[0614/174158.227:ERROR:process_memory_win.cc(73)] ReadMemory at 0x2e99f1e000 of 6024 bytes failed: Only part of a ReadProcessMemory or WriteProcessMemory request was completed. (0x12B)
[0614/174158.227:ERROR:process_memory_win.cc(73)] ReadMemory at 0x2e99f20000 of 6024 bytes failed: Only part of a ReadProcessMemory or WriteProcessMemory request was completed. (0x12B)
[0614/174158.227:ERROR:process_memory_win.cc(73)] ReadMemory at 0x2e99f22000 of 6024 bytes failed: Only part of a ReadProcessMemory or WriteProcessMemory request was completed. (0x12B)
[0614/174158.227:ERROR:process_memory_win.cc(73)] ReadMemory at 0x2e99f24000 of 6024 bytes failed: Only part of a ReadProcessMemory or WriteProcessMemory request was completed. (0x12B)
[0614/174158.227:ERROR:process_memory_win.cc(73)] ReadMemory at 0x2e99f2c000 of 6024 bytes failed: Only part of a ReadProcessMemory or WriteProcessMemory request was completed. (0x12B)
[0614/174158.227:ERROR:process_memory_win.cc(73)] ReadMemory at 0x2e99f30000 of 6024 bytes failed: Only part of a ReadProcessMemory or WriteProcessMemory request was completed. (0x12B)
[0614/174158.549:ERROR:process_memory_win.cc(73)] ReadMemory at 0x18adc000fe0 of 21270 bytes failed: Only part of a ReadProcessMemory or WriteProcessMemory request was completed. (0x12B)
[0614/174158.703:ERROR:process_memory_win.cc(73)] ReadMemory at 0x18adc006300 of 1012 bytes failed: Only part of a ReadProcessMemory or WriteProcessMemory request was completed. (0x12B)
[0614/174158.707:ERROR:process_memory_win.cc(73)] ReadMemory at 0x18adc006948 of 118 bytes failed: Only part of a ReadProcessMemory or WriteProcessMemory request was completed. (0x12B)
[0614/174158.707:ERROR:process_memory_win.cc(73)] ReadMemory at 0x18adc0069c0 of 672 bytes failed: Only part of a ReadProcessMemory or WriteProcessMemory request was completed. (0x12B)
[0614/174158.707:ERROR:process_memory_win.cc(73)] ReadMemory at 0x18adc006c62 of 118 bytes failed: Only part of a ReadProcessMemory or WriteProcessMemory request was completed. (0x12B)
[0614/174158.707:ERROR:process_memory_win.cc(73)] ReadMemory at 0x18adc006cda of 96 bytes failed: Only part of a ReadProcessMemory or WriteProcessMemory request was completed. (0x12B)
[0614/174158.707:ERROR:process_memory_win.cc(73)] ReadMemory at 0x18adc006d50 of 58 bytes failed: Only part of a ReadProcessMemory or WriteProcessMemory request was completed. (0x12B)
[0614/174158.707:ERROR:process_memory_win.cc(73)] ReadMemory at 0x18adc006e50 of 132 bytes failed: Only part of a ReadProcessMemory or WriteProcessMemory request was completed. (0x12B)
[0614/174158.707:ERROR:process_memory_win.cc(73)] ReadMemory at 0x18adc006fe0 of 132 bytes failed: Only part of a ReadProcessMemory or WriteProcessMemory request was completed. (0x12B)
[0614/174158.707:ERROR:process_memory_win.cc(73)] ReadMemory at 0x18adc0071a0 of 124 bytes failed: Only part of a ReadProcessMemory or WriteProcessMemory request was completed. (0x12B)
[0614/174158.707:ERROR:process_memory_win.cc(73)] ReadMemory at 0x18adc007580 of 132 bytes failed: Only part of a ReadProcessMemory or WriteProcessMemory request was completed. (0x12B)
[0614/174158.707:ERROR:process_memory_win.cc(73)] ReadMemory at 0x18adc007710 of 64 bytes failed: Only part of a ReadProcessMemory or WriteProcessMemory request was completed. (0x12B)
[0614/174158.707:ERROR:process_memory_win.cc(73)] ReadMemory at 0x18adc007760 of 132 bytes failed: Only part of a ReadProcessMemory or WriteProcessMemory request was completed. (0x12B)
[0614/174158.707:ERROR:process_memory_win.cc(73)] ReadMemory at 0x18adc0078d0 of 132 bytes failed: Only part of a ReadProcessMemory or WriteProcessMemory request was completed. (0x12B)
[0614/174158.707:ERROR:process_memory_win.cc(73)] ReadMemory at 0x18adc007b70 of 132 bytes failed: Only part of a ReadProcessMemory or WriteProcessMemory request was completed. (0x12B)
[0614/174158.707:ERROR:process_memory_win.cc(73)] ReadMemory at 0x18adc007d00 of 68 bytes failed: Only part of a ReadProcessMemory or WriteProcessMemory request was completed. (0x12B)
[0614/174158.707:ERROR:process_memory_win.cc(73)] ReadMemory at 0x18adc008da0 of 132 bytes failed: Only part of a ReadProcessMemory or WriteProcessMemory request was completed. (0x12B)
[0614/174158.707:ERROR:process_memory_win.cc(73)] ReadMemory at 0x18adc008f30 of 152 bytes failed: Only part of a ReadProcessMemory or WriteProcessMemory request was completed. (0x12B)
[0614/174158.707:ERROR:process_memory_win.cc(73)] ReadMemory at 0x18adc009e10 of 62 bytes failed: Only part of a ReadProcessMemory or WriteProcessMemory request was completed. (0x12B)
[0614/174158.707:ERROR:process_memory_win.cc(73)] ReadMemory at 0x18adc009e60 of 144 bytes failed: Only part of a ReadProcessMemory or WriteProcessMemory request was completed. (0x12B)
[0614/174158.707:ERROR:process_memory_win.cc(73)] ReadMemory at 0x18adc009f40 of 132 bytes failed: Only part of a ReadProcessMemory or WriteProcessMemory request was completed. (0x12B)
[0614/174158.747:ERROR:process_memory_win.cc(73)] ReadMemory at 0x18adc00a0d0 of 60 bytes failed: Only part of a ReadProcessMemory or WriteProcessMemory request was completed. (0x12B)
[0614/174158.783:ERROR:process_memory_win.cc(73)] ReadMemory at 0x18adc00e080 of 132 bytes failed: Only part of a ReadProcessMemory or WriteProcessMemory request was completed. (0x12B)
[0614/174158.783:ERROR:process_memory_win.cc(73)] ReadMemory at 0x18adc00f4e0 of 132 bytes failed: Only part of a ReadProcessMemory or WriteProcessMemory request was completed. (0x12B)
[0614/174158.787:ERROR:process_memory_win.cc(73)] ReadMemory at 0x18adc00f670 of 80 bytes failed: Only part of a ReadProcessMemory or WriteProcessMemory request was completed. (0x12B)
[0614/174159.257:ERROR:process_memory_win.cc(73)] ReadMemory at 0x18adc00f7e0 of 64 bytes failed: Only part of a ReadProcessMemory or WriteProcessMemory request was completed. (0x12B)
[0614/174159.257:ERROR:process_memory_win.cc(73)] ReadMemory at 0x18adc00f880 of 66 bytes failed: Only part of a ReadProcessMemory or WriteProcessMemory request was completed. (0x12B)
[0614/174159.257:ERROR:process_memory_win.cc(73)] ReadMemory at 0x18adc00f920 of 64 bytes failed: Only part of a ReadProcessMemory or WriteProcessMemory request was completed. (0x12B)
[0614/174159.257:ERROR:process_memory_win.cc(73)] ReadMemory at 0x18adc00f9c0 of 64 bytes failed: Only part of a ReadProcessMemory or WriteProcessMemory request was completed. (0x12B)
[0614/174159.257:ERROR:process_memory_win.cc(73)] ReadMemory at 0x18adc00fa60 of 62 bytes failed: Only part of a ReadProcessMemory or WriteProcessMemory request was completed. (0x12B)
[0614/174159.257:ERROR:process_memory_win.cc(73)] ReadMemory at 0x18adc00fab0 of 60 bytes failed: Only part of a ReadProcessMemory or WriteProcessMemory request was completed. (0x12B)
[0614/174159.257:ERROR:process_memory_win.cc(73)] ReadMemory at 0x18adc00fba0 of 64 bytes failed: Only part of a ReadProcessMemory or WriteProcessMemory request was completed. (0x12B)
[0614/174159.257:ERROR:process_memory_win.cc(73)] ReadMemory at 0x18adc00fc90 of 62 bytes failed: Only part of a ReadProcessMemory or WriteProcessMemory request was completed. (0x12B)
[0614/174159.257:ERROR:process_memory_win.cc(73)] ReadMemory at 0x18adc00fec0 of 60 bytes failed: Only part of a ReadProcessMemory or WriteProcessMemory request was completed. (0x12B)
[0614/174159.257:ERROR:process_memory_win.cc(73)] ReadMemory at 0x18adc00ffa0 of 132 bytes failed: Only part of a ReadProcessMemory or WriteProcessMemory request was completed. (0x12B)
[0614/174159.257:ERROR:process_memory_win.cc(73)] ReadMemory at 0x18adc0100d0 of 132 bytes failed: Only part of a ReadProcessMemory or WriteProcessMemory request was completed. (0x12B)
[0614/174159.257:ERROR:process_memory_win.cc(73)] ReadMemory at 0x18adc010200 of 132 bytes failed: Only part of a ReadProcessMemory or WriteProcessMemory request was completed. (0x12B)
[0614/174159.261:ERROR:process_memory_win.cc(73)] ReadMemory at 0x18adc010330 of 132 bytes failed: Only part of a ReadProcessMemory or WriteProcessMemory request was completed. (0x12B)
[0614/174159.261:ERROR:process_memory_win.cc(73)] ReadMemory at 0x18adc010460 of 132 bytes failed: Only part of a ReadProcessMemory or WriteProcessMemory request was completed. (0x12B)
[0614/174159.261:ERROR:process_memory_win.cc(73)] ReadMemory at 0x18adc010590 of 132 bytes failed: Only part of a ReadProcessMemory or WriteProcessMemory request was completed. (0x12B)
[0614/174159.261:ERROR:process_memory_win.cc(73)] ReadMemory at 0x18adc0106c0 of 132 bytes failed: Only part of a ReadProcessMemory or WriteProcessMemory request was completed. (0x12B)
[0614/174159.261:ERROR:process_memory_win.cc(73)] ReadMemory at 0x18adc0107f0 of 132 bytes failed: Only part of a ReadProcessMemory or WriteProcessMemory request was completed. (0x12B)
[0614/174159.261:ERROR:process_memory_win.cc(73)] ReadMemory at 0x18adc010a50 of 132 bytes failed: Only part of a ReadProcessMemory or WriteProcessMemory request was completed. (0x12B)
[0614/174159.261:ERROR:process_memory_win.cc(73)] ReadMemory at 0x18adc010b80 of 132 bytes failed: Only part of a ReadProcessMemory or WriteProcessMemory request was completed. (0x12B)
[0614/174159.261:ERROR:process_memory_win.cc(73)] ReadMemory at 0x18adc010cb0 of 132 bytes failed: Only part of a ReadProcessMemory or WriteProcessMemory request was completed. (0x12B)
[0614/174159.261:ERROR:process_memory_win.cc(73)] ReadMemory at 0x18adc010de0 of 132 bytes failed: Only part of a ReadProcessMemory or WriteProcessMemory request was completed. (0x12B)
[0614/174159.285:ERROR:process_memory_win.cc(73)] ReadMemory at 0x18adc012a70 of 132 bytes failed: Only part of a ReadProcessMemory or WriteProcessMemory request was completed. (0x12B)
[0614/174159.285:ERROR:process_memory_win.cc(73)] ReadMemory at 0x18adc012c90 of 132 bytes failed: Only part of a ReadProcessMemory or WriteProcessMemory request was completed. (0x12B)
[0614/174159.285:ERROR:process_memory_win.cc(73)] ReadMemory at 0x18adc012ff0 of 132 bytes failed: Only part of a ReadProcessMemory or WriteProcessMemory request was completed. (0x12B)
[0614/174159.289:ERROR:process_memory_win.cc(73)] ReadMemory at 0x18adc015250 of 54 bytes failed: Only part of a ReadProcessMemory or WriteProcessMemory request was completed. (0x12B)
[0614/174159.329:ERROR:process_memory_win.cc(73)] ReadMemory at 0x18adc0162b0 of 132 bytes failed: Only part of a ReadProcessMemory or WriteProcessMemory request was completed. (0x12B)
[0614/174159.329:ERROR:process_memory_win.cc(73)] ReadMemory at 0x18adc017310 of 132 bytes failed: Only part of a ReadProcessMemory or WriteProcessMemory request was completed. (0x12B)
[0614/174159.337:ERROR:process_memory_win.cc(73)] ReadMemory at 0x18adc019040 of 80 bytes failed: Only part of a ReadProcessMemory or WriteProcessMemory request was completed. (0x12B)
[0614/174159.337:ERROR:process_memory_win.cc(73)] ReadMemory at 0x18adc0196a0 of 76 bytes failed: Only part of a ReadProcessMemory or WriteProcessMemory request was completed. (0x12B)
[0614/174159.337:ERROR:process_memory_win.cc(73)] ReadMemory at 0x18adc019b70 of 62 bytes failed: Only part of a ReadProcessMemory or WriteProcessMemory request was completed. (0x12B)
[0614/174159.337:ERROR:process_memory_win.cc(73)] ReadMemory at 0x18adc019c10 of 58 bytes failed: Only part of a ReadProcessMemory or WriteProcessMemory request was completed. (0x12B)
[0614/174159.947:ERROR:process_memory_win.cc(73)] ReadMemory at 0x18adc019c60 of 62 bytes failed: Only part of a ReadProcessMemory or WriteProcessMemory request was completed. (0x12B)
[0614/174159.951:ERROR:process_memory_win.cc(73)] ReadMemory at 0x18adc019da0 of 64 bytes failed: Only part of a ReadProcessMemory or WriteProcessMemory request was completed. (0x12B)
[0614/174159.951:ERROR:process_memory_win.cc(73)] ReadMemory at 0x18adc019df0 of 66 bytes failed: Only part of a ReadProcessMemory or WriteProcessMemory request was completed. (0x12B)
[0614/174159.951:ERROR:process_memory_win.cc(73)] ReadMemory at 0x18adc019ee0 of 62 bytes failed: Only part of a ReadProcessMemory or WriteProcessMemory request was completed. (0x12B)
[0614/174159.951:ERROR:process_memory_win.cc(73)] ReadMemory at 0x18adc019fd0 of 62 bytes failed: Only part of a ReadProcessMemory or WriteProcessMemory request was completed. (0x12B)
[0614/174200.019:ERROR:process_memory_win.cc(73)] ReadMemory at 0x18adc01a0c0 of 60 bytes failed: Only part of a ReadProcessMemory or WriteProcessMemory request was completed. (0x12B)
[0614/174200.019:ERROR:process_memory_win.cc(73)] ReadMemory at 0x18adc01a3e0 of 64 bytes failed: Only part of a ReadProcessMemory or WriteProcessMemory request was completed. (0x12B)
[0614/174200.019:ERROR:process_memory_win.cc(73)] ReadMemory at 0x18adc01a520 of 62 bytes failed: Only part of a ReadProcessMemory or WriteProcessMemory request was completed. (0x12B)
[0614/174200.023:ERROR:process_memory_win.cc(73)] ReadMemory at 0x18adc01a570 of 64 bytes failed: Only part of a ReadProcessMemory or WriteProcessMemory request was completed. (0x12B)
[0614/174200.023:ERROR:process_memory_win.cc(73)] ReadMemory at 0x18adc01a5c0 of 60 bytes failed: Only part of a ReadProcessMemory or WriteProcessMemory request was completed. (0x12B)
[0614/174200.023:ERROR:process_memory_win.cc(73)] ReadMemory at 0x18adc01a750 of 60 bytes failed: Only part of a ReadProcessMemory or WriteProcessMemory request was completed. (0x12B)
[0614/174200.023:ERROR:process_memory_win.cc(73)] ReadMemory at 0x18adc01a890 of 62 bytes failed: Only part of a ReadProcessMemory or WriteProcessMemory request was completed. (0x12B)
[0614/174200.023:ERROR:process_memory_win.cc(73)] ReadMemory at 0x18adc01a8e0 of 64 bytes failed: Only part of a ReadProcessMemory or WriteProcessMemory request was completed. (0x12B)
[0614/174200.023:ERROR:process_memory_win.cc(73)] ReadMemory at 0x18adc01a980 of 62 bytes failed: Only part of a ReadProcessMemory or WriteProcessMemory request was completed. (0x12B)
[0614/174200.023:ERROR:process_memory_win.cc(73)] ReadMemory at 0x18adc01aa70 of 60 bytes failed: Only part of a ReadProcessMemory or WriteProcessMemory request was completed. (0x12B)
[0614/174200.849:ERROR:process_memory_win.cc(73)] ReadMemory at 0x18adc01aac0 of 62 bytes failed: Only part of a ReadProcessMemory or WriteProcessMemory request was completed. (0x12B)
[0614/174200.861:ERROR:process_memory_win.cc(73)] ReadMemory at 0x18adc01cb40 of 132 bytes failed: Only part of a ReadProcessMemory or WriteProcessMemory request was completed. (0x12B)
[0614/174200.861:ERROR:process_memory_win.cc(73)] ReadMemory at 0x18adc01ce90 of 132 bytes failed: Only part of a ReadProcessMemory or WriteProcessMemory request was completed. (0x12B)
[0614/174201.709:ERROR:process_memory_win.cc(73)] ReadMemory at 0x18adc01d020 of 132 bytes failed: Only part of a ReadProcessMemory or WriteProcessMemory request was completed. (0x12B)
[0614/174201.713:ERROR:process_memory_win.cc(73)] ReadMemory at 0x18adc01d280 of 132 bytes failed: Only part of a ReadProcessMemory or WriteProcessMemory request was completed. (0x12B)
[0614/174201.713:ERROR:process_memory_win.cc(73)] ReadMemory at 0x18adc01d9a0 of 132 bytes failed: Only part of a ReadProcessMemory or WriteProcessMemory request was completed. (0x12B)
[0614/174201.879:ERROR:process_memory_win.cc(73)] ReadMemory at 0x18adc01dc00 of 132 bytes failed: Only part of a ReadProcessMemory or WriteProcessMemory request was completed. (0x12B)
[0614/174201.879:ERROR:process_memory_win.cc(73)] ReadMemory at 0x18adc01dd30 of 132 bytes failed: Only part of a ReadProcessMemory or WriteProcessMemory request was completed. (0x12B)
[0614/174201.879:ERROR:process_memory_win.cc(73)] ReadMemory at 0x18adc01de60 of 132 bytes failed: Only part of a ReadProcessMemory or WriteProcessMemory request was completed. (0x12B)
[0614/174201.879:ERROR:process_memory_win.cc(73)] ReadMemory at 0x18adc01e910 of 132 bytes failed: Only part of a ReadProcessMemory or WriteProcessMemory request was completed. (0x12B)
[0614/174201.883:ERROR:process_memory_win.cc(73)] ReadMemory at 0x18adc01eb70 of 132 bytes failed: Only part of a ReadProcessMemory or WriteProcessMemory request was completed. (0x12B)
[0614/174201.883:ERROR:process_memory_win.cc(73)] ReadMemory at 0x18adc01eca0 of 132 bytes failed: Only part of a ReadProcessMemory or WriteProcessMemory request was completed. (0x12B)
[0614/174201.883:ERROR:process_memory_win.cc(73)] ReadMemory at 0x18adc01edd0 of 132 bytes failed: Only part of a ReadProcessMemory or WriteProcessMemory request was completed. (0x12B)
[0614/174201.883:ERROR:process_memory_win.cc(73)] ReadMemory at 0x18adc0201b0 of 512 bytes failed: Only part of a ReadProcessMemory or WriteProcessMemory request was completed. (0x12B)
[0614/174201.883:ERROR:process_memory_win.cc(73)] ReadMemory at 0x18adc039290 of 512 bytes failed: Only part of a ReadProcessMemory or WriteProcessMemory request was completed. (0x12B)
[0614/174201.883:ERROR:process_memory_win.cc(73)] ReadMemory at 0x18adc859470 of 512 bytes failed: Only part of a ReadProcessMemory or WriteProcessMemory request was completed. (0x12B)
[0614/174201.883:ERROR:process_memory_win.cc(73)] ReadMemory at 0x18adc888c70 of 712 bytes failed: Only part of a ReadProcessMemory or WriteProcessMemory request was completed. (0x12B)
[0614/174201.883:ERROR:process_memory_win.cc(73)] ReadMemory at 0x18adc889580 of 512 bytes failed: Only part of a ReadProcessMemory or WriteProcessMemory request was completed. (0x12B)
[0614/174202.021:ERROR:process_memory_win.cc(73)] ReadMemory at 0x18adc88f4f0 of 512 bytes failed: Only part of a ReadProcessMemory or WriteProcessMemory request was completed. (0x12B)
[0614/174202.021:ERROR:process_memory_win.cc(73)] ReadMemory at 0x18addf73750 of 512 bytes failed: Only part of a ReadProcessMemory or WriteProcessMemory request was completed. (0x12B)
[0614/174202.267:ERROR:process_memory_win.cc(73)] ReadMemory at 0x18addf88880 of 512 bytes failed: Only part of a ReadProcessMemory or WriteProcessMemory request was completed. (0x12B)
[0614/174202.267:ERROR:process_memory_win.cc(73)] ReadMemory at 0x18addf8a580 of 512 bytes failed: Only part of a ReadProcessMemory or WriteProcessMemory request was completed. (0x12B)
[0614/174202.267:ERROR:process_memory_win.cc(73)] ReadMemory at 0x18ade0686e0 of 512 bytes failed: Only part of a ReadProcessMemory or WriteProcessMemory request was completed. (0x12B)
[0614/174202.267:ERROR:process_memory_win.cc(73)] ReadMemory at 0x1f1e3b407f90 of 512 bytes failed: Only part of a ReadProcessMemory or WriteProcessMemory request was completed. (0x12B)
[0614/174202.268:ERROR:process_memory_win.cc(73)] ReadMemory at 0x1f1e3b417f90 of 512 bytes failed: Only part of a ReadProcessMemory or WriteProcessMemory request was completed. (0x12B)
[0614/174202.268:ERROR:process_memory_win.cc(73)] ReadMemory at 0x425b1e9b96c0 of 512 bytes failed: Only part of a ReadProcessMemory or WriteProcessMemory request was completed. (0x12B)
[0614/174202.268:ERROR:process_memory_win.cc(73)] ReadMemory at 0x4898024b6840 of 512 bytes failed: Only part of a ReadProcessMemory or WriteProcessMemory request was completed. (0x12B)
[0614/174202.268:ERROR:process_memory_win.cc(73)] ReadMemory at 0x7ffba77686e2 of 512 bytes failed: Only part of a ReadProcessMemory or WriteProcessMemory request was completed. (0x12B)
[0614/174202.268:ERROR:process_memory_win.cc(73)] ReadMemory at 0x7ffba924ef84 of 512 bytes failed: Only part of a ReadProcessMemory or WriteProcessMemory request was completed. (0x12B)
[0614/174202.268:ERROR:process_memory_win.cc(73)] ReadMemory at 0x7ffbac19fd70 of 512 bytes failed: Only part of a ReadProcessMemory or WriteProcessMemory request was completed. (0x12B)
[0614/174202.269:ERROR:process_memory_win.cc(73)] ReadMemory at 0x7ffbb02179a5 of 512 bytes failed: Only part of a ReadProcessMemory or WriteProcessMemory request was completed. (0x12B)
[0614/174202.269:ERROR:process_memory_win.cc(73)] ReadMemory at 0x7ffbb0218180 of 512 bytes failed: Only part of a ReadProcessMemory or WriteProcessMemory request was completed. (0x12B)
[0614/174202.334:ERROR:process_memory_win.cc(73)] ReadMemory at 0x7ffbe269c074 of 672 bytes failed: Only part of a ReadProcessMemory or WriteProcessMemory request was completed. (0x12B)
[0614/174202.364:ERROR:process_memory_win.cc(73)] ReadMemory at 0x7ffbe269f924 of 608 bytes failed: Only part of a ReadProcessMemory or WriteProcessMemory request was completed. (0x12B)
[0614/174202.364:ERROR:process_memory_win.cc(73)] ReadMemory at 0x7ffbe272c428 of 18 bytes failed: Only part of a ReadProcessMemory or WriteProcessMemory request was completed. (0x12B)
[0614/174202.364:ERROR:process_memory_win.cc(73)] ReadMemory at 0x7ffbe275f4f8 of 40 bytes failed: Only part of a ReadProcessMemory or WriteProcessMemory request was completed. (0x12B)
[0614/174202.364:ERROR:process_memory_win.cc(73)] ReadMemory at 0x7ffbe275f978 of 48 bytes failed: Only part of a ReadProcessMemory or WriteProcessMemory request was completed. (0x12B)
[0614/174202.364:ERROR:process_memory_win.cc(73)] ReadMemory at 0x7ffbe27653c0 of 64 bytes failed: Only part of a ReadProcessMemory or WriteProcessMemory request was completed. (0x12B)
[0614/174202.762:ERROR:scoped_process_suspend.cc(40)] NtResumeProcess: An attempt was made to access an exiting process. (0xc000010a)
